<?xml version="1.0" encoding="UTF-8"?>
<testng-results skipped="0" failed="0" ignored="0" total="2" passed="2">
  <reporter-output>
  </reporter-output>
  <suite name="Suite" duration-ms="40901" started-at="2020-10-15T01:02:31Z" finished-at="2020-10-15T01:03:11Z">
    <groups>
    </groups>
    <test name="Test" duration-ms="40901" started-at="2020-10-15T01:02:31Z" finished-at="2020-10-15T01:03:11Z">
      <class name="TestCases.TC002">
        <test-method status="PASS" signature="openApp()[pri:0, instance:TestCases.TC002@148080bb]" name="openApp" is-config="true" duration-ms="6079" started-at="2020-10-15T01:02:42Z" finished-at="2020-10-15T01:02:48Z">
          <reporter-output>
          </reporter-output>
        </test-method> <!-- openApp -->
        <test-method status="PASS" signature="TestQualifications()[pri:0, instance:TestCases.TC002@148080bb]" name="TestQualifications" duration-ms="22697" started-at="2020-10-15T01:02:48Z" finished-at="2020-10-15T01:03:11Z">
          <reporter-output>
          </reporter-output>
        </test-method> <!-- TestQualifications -->
        <test-method status="PASS" signature="closeApp()[pri:0, instance:TestCases.TC002@148080bb]" name="closeApp" is-config="true" duration-ms="585" started-at="2020-10-15T01:03:11Z" finished-at="2020-10-15T01:03:11Z">
          <reporter-output>
          </reporter-output>
        </test-method> <!-- closeApp -->
      </class> <!-- TestCases.TC002 -->
      <class name="TestCases.TC001">
        <test-method status="PASS" signature="openApp()[pri:0, instance:TestCases.TC001@55d56113]" name="openApp" is-config="true" duration-ms="6835" started-at="2020-10-15T01:02:31Z" finished-at="2020-10-15T01:02:37Z">
          <reporter-output>
          </reporter-output>
        </test-method> <!-- openApp -->
        <test-method status="PASS" signature="TestTC001()[pri:0, instance:TestCases.TC001@55d56113]" name="TestTC001" duration-ms="4092" started-at="2020-10-15T01:02:37Z" finished-at="2020-10-15T01:02:42Z">
          <reporter-output>
          </reporter-output>
        </test-method> <!-- TestTC001 -->
        <test-method status="PASS" signature="closeApp()[pri:0, instance:TestCases.TC001@55d56113]" name="closeApp" is-config="true" duration-ms="592" started-at="2020-10-15T01:02:42Z" finished-at="2020-10-15T01:02:42Z">
          <reporter-output>
          </reporter-output>
        </test-method> <!-- closeApp -->
      </class> <!-- TestCases.TC001 -->
    </test> <!-- Test -->
  </suite> <!-- Suite -->
</testng-results>
